<?xml version="1.0" encoding="UTF-8"?>
<!-- Generated by org.testng.reporters.JUnitXMLReporter -->
<testsuite ignored="0" hostname="SILPA_M" failures="0" tests="5" name="Default test" time="28.139" errors="0" timestamp="2024-06-06T13:14:08 IST">
  <testcase classname="testodoo.Testodoo" name="signup" time="1.881"/>
  <testcase classname="testodoo.Testodoo" name="login" time="7.217"/>
  <testcase classname="testodoo.Testodoo" name="window" time="6.068"/>
  <testcase classname="testodoo.Testodoo" name="free" time="4.26"/>
  <testcase classname="testodoo.Testodoo" name="logout" time="1.742"/>
</testsuite> <!-- Default test -->
